0 info it worked if it ends with ok
1 verbose cli [ '/usr/local/bin/node', '/usr/local/bin/npm', 'start' ]
2 info using npm@2.11.3
3 info using node@v0.12.7
4 verbose node symlink /usr/local/bin/node
5 verbose run-script [ 'prestart', 'start', 'poststart' ]
6 info prestart solitaire@0.0.0
7 verbose unsafe-perm in lifecycle true
8 info start solitaire@0.0.0
9 verbose unsafe-perm in lifecycle true
10 info solitaire@0.0.0 Failed to exec start script
11 verbose stack Error: solitaire@0.0.0 start: `http-server -c-1 -o`
11 verbose stack Exit status 1
11 verbose stack     at EventEmitter.<anonymous> (/usr/local/lib/node_modules/npm/lib/utils/lifecycle.js:213:16)
11 verbose stack     at EventEmitter.emit (events.js:110:17)
11 verbose stack     at ChildProcess.<anonymous> (/usr/local/lib/node_modules/npm/lib/utils/spawn.js:24:14)
11 verbose stack     at ChildProcess.emit (events.js:110:17)
11 verbose stack     at maybeClose (child_process.js:1015:16)
11 verbose stack     at Process.ChildProcess._handle.onexit (child_process.js:1087:5)
12 verbose pkgid solitaire@0.0.0
13 verbose cwd /Users/romel.campbell/GitHub/Repos/AngularJS/pluralsight/javascript/solitaire-systemjs-course
14 error Darwin 13.4.0
15 error argv "/usr/local/bin/node" "/usr/local/bin/npm" "start"
16 error node v0.12.7
17 error npm  v2.11.3
18 error code ELIFECYCLE
19 error solitaire@0.0.0 start: `http-server -c-1 -o`
19 error Exit status 1
20 error Failed at the solitaire@0.0.0 start script 'http-server -c-1 -o'.
20 error This is most likely a problem with the solitaire package,
20 error not with npm itself.
20 error Tell the author that this fails on your system:
20 error     http-server -c-1 -o
20 error You can get their info via:
20 error     npm owner ls solitaire
20 error There is likely additional logging output above.
21 verbose exit [ 1, true ]
